<?xml version="1.0" encoding="UTF-8"?>
<testng-results ignored="0" total="1" passed="1" failed="0" skipped="0">
  <reporter-output>
  </reporter-output>
  <suite started-at="2022-04-04T11:30:05 IST" name="Default suite" finished-at="2022-04-04T11:30:31 IST" duration-ms="25194">
    <groups>
    </groups>
    <test started-at="2022-04-04T11:30:05 IST" name="Default test" finished-at="2022-04-04T11:30:31 IST" duration-ms="25194">
      <class name="com.inetBankingV1.testCases.LoginTest_001">
        <test-method is-config="true" signature="setup()[pri:0, instance:com.inetBankingV1.testCases.LoginTest_001@56113384]" started-at="2022-04-04T11:30:05 IST" name="setup" finished-at="2022-04-04T11:30:16 IST" duration-ms="10657" status="PASS">
          <reporter-output>
          </reporter-output>
        </test-method> <!-- setup -->
        <test-method signature="loginTest()[pri:0, instance:com.inetBankingV1.testCases.LoginTest_001@56113384]" started-at="2022-04-04T11:30:16 IST" name="loginTest" finished-at="2022-04-04T11:30:28 IST" duration-ms="12175" status="PASS">
          <reporter-output>
          </reporter-output>
        </test-method> <!-- loginTest -->
        <test-method is-config="true" signature="tearDown()[pri:0, instance:com.inetBankingV1.testCases.LoginTest_001@56113384]" started-at="2022-04-04T11:30:28 IST" name="tearDown" finished-at="2022-04-04T11:30:31 IST" duration-ms="2259" status="PASS">
          <reporter-output>
          </reporter-output>
        </test-method> <!-- tearDown -->
      </class> <!-- com.inetBankingV1.testCases.LoginTest_001 -->
    </test> <!-- Default test -->
  </suite> <!-- Default suite -->
</testng-results>
